CRITICAL - 2022-05-04 19:04:03 --> Undefined variable: usuarios
#0 /var/www/html/food/app/Views/Admin/Usuarios/form.php(37): CodeIgniter\Debug\Exceptions->errorHandler()
#1 /var/www/html/food/system/View/View.php(210): include('/var/www/html/f...')
#2 /var/www/html/food/system/View/View.php(213): CodeIgniter\View\View->CodeIgniter\View\{closure}()
#3 /var/www/html/food/system/View/View.php(424): CodeIgniter\View\View->render()
#4 /var/www/html/food/app/Views/Admin/Usuarios/editar.php(33): CodeIgniter\View\View->include()
#5 /var/www/html/food/system/View/View.php(210): include('/var/www/html/f...')
#6 /var/www/html/food/system/View/View.php(213): CodeIgniter\View\View->CodeIgniter\View\{closure}()
#7 /var/www/html/food/system/Common.php(1089): CodeIgniter\View\View->render()
#8 /var/www/html/food/app/Controllers/Admin/Usuarios.php(68): view()
#9 /var/www/html/food/system/CodeIgniter.php(832): App\Controllers\Admin\Usuarios->editar()
#10 /var/www/html/food/system/CodeIgniter.php(419): CodeIgniter\CodeIgniter->runController()
#11 /var/www/html/food/system/CodeIgniter.php(326): CodeIgniter\CodeIgniter->handleRequest()
#12 /var/www/html/food/public/index.php(37): CodeIgniter\CodeIgniter->run()
#13 /var/www/html/food/system/Commands/Server/rewrite.php(43): require_once('/var/www/html/f...')
#14 {main}
CRITICAL - 2022-05-04 19:44:34 --> Call to undefined function form_open()
#0 /var/www/html/food/system/View/View.php(210): include()
#1 /var/www/html/food/system/View/View.php(213): CodeIgniter\View\View->CodeIgniter\View\{closure}()
#2 /var/www/html/food/system/Common.php(1089): CodeIgniter\View\View->render()
#3 /var/www/html/food/app/Controllers/Admin/Usuarios.php(68): view()
#4 /var/www/html/food/system/CodeIgniter.php(832): App\Controllers\Admin\Usuarios->editar()
#5 /var/www/html/food/system/CodeIgniter.php(419): CodeIgniter\CodeIgniter->runController()
#6 /var/www/html/food/system/CodeIgniter.php(326): CodeIgniter\CodeIgniter->handleRequest()
#7 /var/www/html/food/public/index.php(37): CodeIgniter\CodeIgniter->run()
#8 /var/www/html/food/system/Commands/Server/rewrite.php(43): require_once('/var/www/html/f...')
#9 {main}
CRITICAL - 2022-05-04 20:49:51 --> Call to undefined method CodeIgniter\HTTP\IncomingRequest::method()
#0 /var/www/html/food/system/CodeIgniter.php(832): App\Controllers\Admin\Usuarios->atualizar()
#1 /var/www/html/food/system/CodeIgniter.php(419): CodeIgniter\CodeIgniter->runController()
#2 /var/www/html/food/system/CodeIgniter.php(326): CodeIgniter\CodeIgniter->handleRequest()
#3 /var/www/html/food/public/index.php(37): CodeIgniter\CodeIgniter->run()
#4 /var/www/html/food/system/Commands/Server/rewrite.php(43): require_once('/var/www/html/f...')
#5 {main}
CRITICAL - 2022-05-04 20:51:06 --> Call to undefined method CodeIgniter\HTTP\IncomingRequest::method()
#0 /var/www/html/food/system/CodeIgniter.php(832): App\Controllers\Admin\Usuarios->atualizar()
#1 /var/www/html/food/system/CodeIgniter.php(419): CodeIgniter\CodeIgniter->runController()
#2 /var/www/html/food/system/CodeIgniter.php(326): CodeIgniter\CodeIgniter->handleRequest()
#3 /var/www/html/food/public/index.php(37): CodeIgniter\CodeIgniter->run()
#4 /var/www/html/food/system/Commands/Server/rewrite.php(43): require_once('/var/www/html/f...')
#5 {main}
CRITICAL - 2022-05-04 20:51:07 --> Call to undefined method CodeIgniter\HTTP\IncomingRequest::method()
#0 /var/www/html/food/system/CodeIgniter.php(832): App\Controllers\Admin\Usuarios->atualizar()
#1 /var/www/html/food/system/CodeIgniter.php(419): CodeIgniter\CodeIgniter->runController()
#2 /var/www/html/food/system/CodeIgniter.php(326): CodeIgniter\CodeIgniter->handleRequest()
#3 /var/www/html/food/public/index.php(37): CodeIgniter\CodeIgniter->run()
#4 /var/www/html/food/system/Commands/Server/rewrite.php(43): require_once('/var/www/html/f...')
#5 {main}
CRITICAL - 2022-05-04 21:07:44 --> Undefined variable: data
#0 /var/www/html/food/app/Controllers/Admin/Usuarios.php(88): CodeIgniter\Debug\Exceptions->errorHandler()
#1 /var/www/html/food/system/CodeIgniter.php(832): App\Controllers\Admin\Usuarios->atualizar()
#2 /var/www/html/food/system/CodeIgniter.php(419): CodeIgniter\CodeIgniter->runController()
#3 /var/www/html/food/system/CodeIgniter.php(326): CodeIgniter\CodeIgniter->handleRequest()
#4 /var/www/html/food/public/index.php(37): CodeIgniter\CodeIgniter->run()
#5 /var/www/html/food/system/Commands/Server/rewrite.php(43): require_once('/var/www/html/f...')
#6 {main}
CRITICAL - 2022-05-04 21:20:29 --> Call to undefined method App\Models\UsuarioModel::protected
#0 /var/www/html/food/app/Controllers/Admin/Usuarios.php(87): CodeIgniter\Model->__call()
#1 /var/www/html/food/system/CodeIgniter.php(832): App\Controllers\Admin\Usuarios->atualizar()
#2 /var/www/html/food/system/CodeIgniter.php(419): CodeIgniter\CodeIgniter->runController()
#3 /var/www/html/food/system/CodeIgniter.php(326): CodeIgniter\CodeIgniter->handleRequest()
#4 /var/www/html/food/public/index.php(37): CodeIgniter\CodeIgniter->run()
#5 /var/www/html/food/system/Commands/Server/rewrite.php(43): require_once('/var/www/html/f...')
#6 {main}
CRITICAL - 2022-05-04 21:37:01 --> Não há dados para update.
#0 /var/www/html/food/system/BaseModel.php(1593): CodeIgniter\Database\Exceptions\DataException::forEmptyDataset()
#1 /var/www/html/food/system/BaseModel.php(832): CodeIgniter\BaseModel->transformDataToArray()
#2 /var/www/html/food/system/Model.php(651): CodeIgniter\BaseModel->update()
#3 /var/www/html/food/system/BaseModel.php(656): CodeIgniter\Model->update()
#4 /var/www/html/food/app/Controllers/Admin/Usuarios.php(93): CodeIgniter\BaseModel->save()
#5 /var/www/html/food/system/CodeIgniter.php(832): App\Controllers\Admin\Usuarios->atualizar()
#6 /var/www/html/food/system/CodeIgniter.php(419): CodeIgniter\CodeIgniter->runController()
#7 /var/www/html/food/system/CodeIgniter.php(326): CodeIgniter\CodeIgniter->handleRequest()
#8 /var/www/html/food/public/index.php(37): CodeIgniter\CodeIgniter->run()
#9 /var/www/html/food/system/Commands/Server/rewrite.php(43): require_once('/var/www/html/f...')
#10 {main}
CRITICAL - 2022-05-04 21:47:27 --> Não há dados para update.
#0 /var/www/html/food/system/BaseModel.php(1593): CodeIgniter\Database\Exceptions\DataException::forEmptyDataset()
#1 /var/www/html/food/system/BaseModel.php(832): CodeIgniter\BaseModel->transformDataToArray()
#2 /var/www/html/food/system/Model.php(651): CodeIgniter\BaseModel->update()
#3 /var/www/html/food/system/BaseModel.php(656): CodeIgniter\Model->update()
#4 /var/www/html/food/app/Controllers/Admin/Usuarios.php(97): CodeIgniter\BaseModel->save()
#5 /var/www/html/food/system/CodeIgniter.php(832): App\Controllers\Admin\Usuarios->atualizar()
#6 /var/www/html/food/system/CodeIgniter.php(419): CodeIgniter\CodeIgniter->runController()
#7 /var/www/html/food/system/CodeIgniter.php(326): CodeIgniter\CodeIgniter->handleRequest()
#8 /var/www/html/food/public/index.php(37): CodeIgniter\CodeIgniter->run()
#9 /var/www/html/food/system/Commands/Server/rewrite.php(43): require_once('/var/www/html/f...')
#10 {main}
CRITICAL - 2022-05-04 21:47:40 --> Não há dados para update.
#0 /var/www/html/food/system/BaseModel.php(1593): CodeIgniter\Database\Exceptions\DataException::forEmptyDataset()
#1 /var/www/html/food/system/BaseModel.php(832): CodeIgniter\BaseModel->transformDataToArray()
#2 /var/www/html/food/system/Model.php(651): CodeIgniter\BaseModel->update()
#3 /var/www/html/food/system/BaseModel.php(656): CodeIgniter\Model->update()
#4 /var/www/html/food/app/Controllers/Admin/Usuarios.php(97): CodeIgniter\BaseModel->save()
#5 /var/www/html/food/system/CodeIgniter.php(832): App\Controllers\Admin\Usuarios->atualizar()
#6 /var/www/html/food/system/CodeIgniter.php(419): CodeIgniter\CodeIgniter->runController()
#7 /var/www/html/food/system/CodeIgniter.php(326): CodeIgniter\CodeIgniter->handleRequest()
#8 /var/www/html/food/public/index.php(37): CodeIgniter\CodeIgniter->run()
#9 /var/www/html/food/system/Commands/Server/rewrite.php(43): require_once('/var/www/html/f...')
#10 {main}
CRITICAL - 2022-05-04 21:50:36 --> Não há dados para update.
#0 /var/www/html/food/system/BaseModel.php(1593): CodeIgniter\Database\Exceptions\DataException::forEmptyDataset()
#1 /var/www/html/food/system/BaseModel.php(832): CodeIgniter\BaseModel->transformDataToArray()
#2 /var/www/html/food/system/Model.php(651): CodeIgniter\BaseModel->update()
#3 /var/www/html/food/system/BaseModel.php(656): CodeIgniter\Model->update()
#4 /var/www/html/food/app/Controllers/Admin/Usuarios.php(97): CodeIgniter\BaseModel->save()
#5 /var/www/html/food/system/CodeIgniter.php(832): App\Controllers\Admin\Usuarios->atualizar()
#6 /var/www/html/food/system/CodeIgniter.php(419): CodeIgniter\CodeIgniter->runController()
#7 /var/www/html/food/system/CodeIgniter.php(326): CodeIgniter\CodeIgniter->handleRequest()
#8 /var/www/html/food/public/index.php(37): CodeIgniter\CodeIgniter->run()
#9 /var/www/html/food/system/Commands/Server/rewrite.php(43): require_once('/var/www/html/f...')
#10 {main}
CRITICAL - 2022-05-04 21:59:02 --> Call to undefined method CodeIgniter\HTTP\RedirectResponse::with_input()
#0 /var/www/html/food/system/CodeIgniter.php(832): App\Controllers\Admin\Usuarios->atualizar()
#1 /var/www/html/food/system/CodeIgniter.php(419): CodeIgniter\CodeIgniter->runController()
#2 /var/www/html/food/system/CodeIgniter.php(326): CodeIgniter\CodeIgniter->handleRequest()
#3 /var/www/html/food/public/index.php(37): CodeIgniter\CodeIgniter->run()
#4 /var/www/html/food/system/Commands/Server/rewrite.php(43): require_once('/var/www/html/f...')
#5 {main}
ERROR - 2022-05-04 22:44:01 --> Unknown column 'password' in 'field list'
CRITICAL - 2022-05-04 22:44:01 --> Unknown column 'password' in 'field list'
#0 /var/www/html/food/system/Database/MySQLi/Connection.php(292): mysqli->query()
#1 /var/www/html/food/system/Database/BaseConnection.php(670): CodeIgniter\Database\MySQLi\Connection->execute()
#2 /var/www/html/food/system/Database/BaseConnection.php(598): CodeIgniter\Database\BaseConnection->simpleQuery()
#3 /var/www/html/food/system/Database/BaseBuilder.php(1913): CodeIgniter\Database\BaseConnection->query()
#4 /var/www/html/food/system/Model.php(298): CodeIgniter\Database\BaseBuilder->update()
#5 /var/www/html/food/system/BaseModel.php(865): CodeIgniter\Model->doUpdate()
#6 /var/www/html/food/system/Model.php(651): CodeIgniter\BaseModel->update()
#7 /var/www/html/food/system/BaseModel.php(656): CodeIgniter\Model->update()
#8 /var/www/html/food/app/Controllers/Admin/Usuarios.php(97): CodeIgniter\BaseModel->save()
#9 /var/www/html/food/system/CodeIgniter.php(832): App\Controllers\Admin\Usuarios->atualizar()
#10 /var/www/html/food/system/CodeIgniter.php(419): CodeIgniter\CodeIgniter->runController()
#11 /var/www/html/food/system/CodeIgniter.php(326): CodeIgniter\CodeIgniter->handleRequest()
#12 /var/www/html/food/public/index.php(37): CodeIgniter\CodeIgniter->run()
#13 /var/www/html/food/system/Commands/Server/rewrite.php(43): require_once('/var/www/html/f...')
#14 {main}
ERROR - 2022-05-04 22:47:13 --> Unknown column 'password' in 'field list'
CRITICAL - 2022-05-04 22:47:13 --> Unknown column 'password' in 'field list'
#0 /var/www/html/food/system/Database/MySQLi/Connection.php(292): mysqli->query()
#1 /var/www/html/food/system/Database/BaseConnection.php(670): CodeIgniter\Database\MySQLi\Connection->execute()
#2 /var/www/html/food/system/Database/BaseConnection.php(598): CodeIgniter\Database\BaseConnection->simpleQuery()
#3 /var/www/html/food/system/Database/BaseBuilder.php(1913): CodeIgniter\Database\BaseConnection->query()
#4 /var/www/html/food/system/Model.php(298): CodeIgniter\Database\BaseBuilder->update()
#5 /var/www/html/food/system/BaseModel.php(865): CodeIgniter\Model->doUpdate()
#6 /var/www/html/food/system/Model.php(651): CodeIgniter\BaseModel->update()
#7 /var/www/html/food/system/BaseModel.php(656): CodeIgniter\Model->update()
#8 /var/www/html/food/app/Controllers/Admin/Usuarios.php(97): CodeIgniter\BaseModel->save()
#9 /var/www/html/food/system/CodeIgniter.php(832): App\Controllers\Admin\Usuarios->atualizar()
#10 /var/www/html/food/system/CodeIgniter.php(419): CodeIgniter\CodeIgniter->runController()
#11 /var/www/html/food/system/CodeIgniter.php(326): CodeIgniter\CodeIgniter->handleRequest()
#12 /var/www/html/food/public/index.php(37): CodeIgniter\CodeIgniter->run()
#13 /var/www/html/food/system/Commands/Server/rewrite.php(43): require_once('/var/www/html/f...')
#14 {main}
ERROR - 2022-05-04 22:47:23 --> Unknown column 'password' in 'field list'
CRITICAL - 2022-05-04 22:47:23 --> Unknown column 'password' in 'field list'
#0 /var/www/html/food/system/Database/MySQLi/Connection.php(292): mysqli->query()
#1 /var/www/html/food/system/Database/BaseConnection.php(670): CodeIgniter\Database\MySQLi\Connection->execute()
#2 /var/www/html/food/system/Database/BaseConnection.php(598): CodeIgniter\Database\BaseConnection->simpleQuery()
#3 /var/www/html/food/system/Database/BaseBuilder.php(1913): CodeIgniter\Database\BaseConnection->query()
#4 /var/www/html/food/system/Model.php(298): CodeIgniter\Database\BaseBuilder->update()
#5 /var/www/html/food/system/BaseModel.php(865): CodeIgniter\Model->doUpdate()
#6 /var/www/html/food/system/Model.php(651): CodeIgniter\BaseModel->update()
#7 /var/www/html/food/system/BaseModel.php(656): CodeIgniter\Model->update()
#8 /var/www/html/food/app/Controllers/Admin/Usuarios.php(97): CodeIgniter\BaseModel->save()
#9 /var/www/html/food/system/CodeIgniter.php(832): App\Controllers\Admin\Usuarios->atualizar()
#10 /var/www/html/food/system/CodeIgniter.php(419): CodeIgniter\CodeIgniter->runController()
#11 /var/www/html/food/system/CodeIgniter.php(326): CodeIgniter\CodeIgniter->handleRequest()
#12 /var/www/html/food/public/index.php(37): CodeIgniter\CodeIgniter->run()
#13 /var/www/html/food/system/Commands/Server/rewrite.php(43): require_once('/var/www/html/f...')
#14 {main}
ERROR - 2022-05-04 22:48:07 --> Unknown column 'password' in 'field list'
CRITICAL - 2022-05-04 22:48:07 --> Unknown column 'password' in 'field list'
#0 /var/www/html/food/system/Database/MySQLi/Connection.php(292): mysqli->query()
#1 /var/www/html/food/system/Database/BaseConnection.php(670): CodeIgniter\Database\MySQLi\Connection->execute()
#2 /var/www/html/food/system/Database/BaseConnection.php(598): CodeIgniter\Database\BaseConnection->simpleQuery()
#3 /var/www/html/food/system/Database/BaseBuilder.php(1913): CodeIgniter\Database\BaseConnection->query()
#4 /var/www/html/food/system/Model.php(298): CodeIgniter\Database\BaseBuilder->update()
#5 /var/www/html/food/system/BaseModel.php(865): CodeIgniter\Model->doUpdate()
#6 /var/www/html/food/system/Model.php(651): CodeIgniter\BaseModel->update()
#7 /var/www/html/food/system/BaseModel.php(656): CodeIgniter\Model->update()
#8 /var/www/html/food/app/Controllers/Admin/Usuarios.php(97): CodeIgniter\BaseModel->save()
#9 /var/www/html/food/system/CodeIgniter.php(832): App\Controllers\Admin\Usuarios->atualizar()
#10 /var/www/html/food/system/CodeIgniter.php(419): CodeIgniter\CodeIgniter->runController()
#11 /var/www/html/food/system/CodeIgniter.php(326): CodeIgniter\CodeIgniter->handleRequest()
#12 /var/www/html/food/public/index.php(37): CodeIgniter\CodeIgniter->run()
#13 /var/www/html/food/system/Commands/Server/rewrite.php(43): require_once('/var/www/html/f...')
#14 {main}
ERROR - 2022-05-04 22:48:15 --> Unknown column 'password' in 'field list'
CRITICAL - 2022-05-04 22:48:15 --> Unknown column 'password' in 'field list'
#0 /var/www/html/food/system/Database/MySQLi/Connection.php(292): mysqli->query()
#1 /var/www/html/food/system/Database/BaseConnection.php(670): CodeIgniter\Database\MySQLi\Connection->execute()
#2 /var/www/html/food/system/Database/BaseConnection.php(598): CodeIgniter\Database\BaseConnection->simpleQuery()
#3 /var/www/html/food/system/Database/BaseBuilder.php(1913): CodeIgniter\Database\BaseConnection->query()
#4 /var/www/html/food/system/Model.php(298): CodeIgniter\Database\BaseBuilder->update()
#5 /var/www/html/food/system/BaseModel.php(865): CodeIgniter\Model->doUpdate()
#6 /var/www/html/food/system/Model.php(651): CodeIgniter\BaseModel->update()
#7 /var/www/html/food/system/BaseModel.php(656): CodeIgniter\Model->update()
#8 /var/www/html/food/app/Controllers/Admin/Usuarios.php(97): CodeIgniter\BaseModel->save()
#9 /var/www/html/food/system/CodeIgniter.php(832): App\Controllers\Admin\Usuarios->atualizar()
#10 /var/www/html/food/system/CodeIgniter.php(419): CodeIgniter\CodeIgniter->runController()
#11 /var/www/html/food/system/CodeIgniter.php(326): CodeIgniter\CodeIgniter->handleRequest()
#12 /var/www/html/food/public/index.php(37): CodeIgniter\CodeIgniter->run()
#13 /var/www/html/food/system/Commands/Server/rewrite.php(43): require_once('/var/www/html/f...')
#14 {main}
CRITICAL - 2022-05-04 22:55:25 --> Undefined variable: usuario
#0 /var/www/html/food/app/Views/Admin/Usuarios/index.php(33): CodeIgniter\Debug\Exceptions->errorHandler()
#1 /var/www/html/food/system/View/View.php(210): include('/var/www/html/f...')
#2 /var/www/html/food/system/View/View.php(213): CodeIgniter\View\View->CodeIgniter\View\{closure}()
#3 /var/www/html/food/system/Common.php(1089): CodeIgniter\View\View->render()
#4 /var/www/html/food/app/Controllers/Admin/Usuarios.php(26): view()
#5 /var/www/html/food/system/CodeIgniter.php(832): App\Controllers\Admin\Usuarios->index()
#6 /var/www/html/food/system/CodeIgniter.php(419): CodeIgniter\CodeIgniter->runController()
#7 /var/www/html/food/system/CodeIgniter.php(326): CodeIgniter\CodeIgniter->handleRequest()
#8 /var/www/html/food/public/index.php(37): CodeIgniter\CodeIgniter->run()
#9 /var/www/html/food/system/Commands/Server/rewrite.php(43): require_once('/var/www/html/f...')
#10 {main}
CRITICAL - 2022-05-04 22:59:58 --> Undefined variable: usuario
#0 /var/www/html/food/app/Controllers/Admin/Usuarios.php(54): CodeIgniter\Debug\Exceptions->errorHandler()
#1 /var/www/html/food/system/CodeIgniter.php(832): App\Controllers\Admin\Usuarios->criar()
#2 /var/www/html/food/system/CodeIgniter.php(419): CodeIgniter\CodeIgniter->runController()
#3 /var/www/html/food/system/CodeIgniter.php(326): CodeIgniter\CodeIgniter->handleRequest()
#4 /var/www/html/food/public/index.php(37): CodeIgniter\CodeIgniter->run()
#5 /var/www/html/food/system/Commands/Server/rewrite.php(43): require_once('/var/www/html/f...')
#6 {main}
CRITICAL - 2022-05-04 23:50:40 --> Class 'App\MinhasValidacoes' not found
#0 /var/www/html/food/system/Validation/Validation.php(115): CodeIgniter\Validation\Validation->loadRuleSets()
#1 /var/www/html/food/system/BaseModel.php(1347): CodeIgniter\Validation\Validation->run()
#2 /var/www/html/food/system/BaseModel.php(835): CodeIgniter\BaseModel->validate()
#3 /var/www/html/food/system/Model.php(651): CodeIgniter\BaseModel->update()
#4 /var/www/html/food/system/BaseModel.php(656): CodeIgniter\Model->update()
#5 /var/www/html/food/app/Controllers/Admin/Usuarios.php(130): CodeIgniter\BaseModel->save()
#6 /var/www/html/food/system/CodeIgniter.php(832): App\Controllers\Admin\Usuarios->atualizar()
#7 /var/www/html/food/system/CodeIgniter.php(419): CodeIgniter\CodeIgniter->runController()
#8 /var/www/html/food/system/CodeIgniter.php(326): CodeIgniter\CodeIgniter->handleRequest()
#9 /var/www/html/food/public/index.php(37): CodeIgniter\CodeIgniter->run()
#10 /var/www/html/food/system/Commands/Server/rewrite.php(43): require_once('/var/www/html/f...')
#11 {main}
CRITICAL - 2022-05-04 23:52:38 --> Class 'Config\App\MinhasValidacoes' not found
#0 /var/www/html/food/system/Validation/Validation.php(115): CodeIgniter\Validation\Validation->loadRuleSets()
#1 /var/www/html/food/system/BaseModel.php(1347): CodeIgniter\Validation\Validation->run()
#2 /var/www/html/food/system/BaseModel.php(835): CodeIgniter\BaseModel->validate()
#3 /var/www/html/food/system/Model.php(651): CodeIgniter\BaseModel->update()
#4 /var/www/html/food/system/BaseModel.php(656): CodeIgniter\Model->update()
#5 /var/www/html/food/app/Controllers/Admin/Usuarios.php(130): CodeIgniter\BaseModel->save()
#6 /var/www/html/food/system/CodeIgniter.php(832): App\Controllers\Admin\Usuarios->atualizar()
#7 /var/www/html/food/system/CodeIgniter.php(419): CodeIgniter\CodeIgniter->runController()
#8 /var/www/html/food/system/CodeIgniter.php(326): CodeIgniter\CodeIgniter->handleRequest()
#9 /var/www/html/food/public/index.php(37): CodeIgniter\CodeIgniter->run()
#10 /var/www/html/food/system/Commands/Server/rewrite.php(43): require_once('/var/www/html/f...')
#11 {main}
CRITICAL - 2022-05-04 23:54:07 --> Class 'Config\App\MinhasValidacoes' not found
#0 /var/www/html/food/system/Validation/Validation.php(115): CodeIgniter\Validation\Validation->loadRuleSets()
#1 /var/www/html/food/system/BaseModel.php(1347): CodeIgniter\Validation\Validation->run()
#2 /var/www/html/food/system/BaseModel.php(835): CodeIgniter\BaseModel->validate()
#3 /var/www/html/food/system/Model.php(651): CodeIgniter\BaseModel->update()
#4 /var/www/html/food/system/BaseModel.php(656): CodeIgniter\Model->update()
#5 /var/www/html/food/app/Controllers/Admin/Usuarios.php(130): CodeIgniter\BaseModel->save()
#6 /var/www/html/food/system/CodeIgniter.php(832): App\Controllers\Admin\Usuarios->atualizar()
#7 /var/www/html/food/system/CodeIgniter.php(419): CodeIgniter\CodeIgniter->runController()
#8 /var/www/html/food/system/CodeIgniter.php(326): CodeIgniter\CodeIgniter->handleRequest()
#9 /var/www/html/food/public/index.php(37): CodeIgniter\CodeIgniter->run()
#10 /var/www/html/food/system/Commands/Server/rewrite.php(43): require_once('/var/www/html/f...')
#11 {main}
CRITICAL - 2022-05-04 23:54:16 --> Class 'Config\App\MinhasValidacoes' not found
#0 /var/www/html/food/system/Validation/Validation.php(115): CodeIgniter\Validation\Validation->loadRuleSets()
#1 /var/www/html/food/system/BaseModel.php(1347): CodeIgniter\Validation\Validation->run()
#2 /var/www/html/food/system/BaseModel.php(835): CodeIgniter\BaseModel->validate()
#3 /var/www/html/food/system/Model.php(651): CodeIgniter\BaseModel->update()
#4 /var/www/html/food/system/BaseModel.php(656): CodeIgniter\Model->update()
#5 /var/www/html/food/app/Controllers/Admin/Usuarios.php(130): CodeIgniter\BaseModel->save()
#6 /var/www/html/food/system/CodeIgniter.php(832): App\Controllers\Admin\Usuarios->atualizar()
#7 /var/www/html/food/system/CodeIgniter.php(419): CodeIgniter\CodeIgniter->runController()
#8 /var/www/html/food/system/CodeIgniter.php(326): CodeIgniter\CodeIgniter->handleRequest()
#9 /var/www/html/food/public/index.php(37): CodeIgniter\CodeIgniter->run()
#10 /var/www/html/food/system/Commands/Server/rewrite.php(43): require_once('/var/www/html/f...')
#11 {main}
CRITICAL - 2022-05-04 23:54:41 --> Class 'App\MinhasValidacoes' not found
#0 /var/www/html/food/system/Validation/Validation.php(115): CodeIgniter\Validation\Validation->loadRuleSets()
#1 /var/www/html/food/system/BaseModel.php(1347): CodeIgniter\Validation\Validation->run()
#2 /var/www/html/food/system/BaseModel.php(835): CodeIgniter\BaseModel->validate()
#3 /var/www/html/food/system/Model.php(651): CodeIgniter\BaseModel->update()
#4 /var/www/html/food/system/BaseModel.php(656): CodeIgniter\Model->update()
#5 /var/www/html/food/app/Controllers/Admin/Usuarios.php(130): CodeIgniter\BaseModel->save()
#6 /var/www/html/food/system/CodeIgniter.php(832): App\Controllers\Admin\Usuarios->atualizar()
#7 /var/www/html/food/system/CodeIgniter.php(419): CodeIgniter\CodeIgniter->runController()
#8 /var/www/html/food/system/CodeIgniter.php(326): CodeIgniter\CodeIgniter->handleRequest()
#9 /var/www/html/food/public/index.php(37): CodeIgniter\CodeIgniter->run()
#10 /var/www/html/food/system/Commands/Server/rewrite.php(43): require_once('/var/www/html/f...')
#11 {main}
