ERROR - 2022-05-02 15:53:39 --> Duplicate column name 'ativo'
ERROR - 2022-05-02 15:55:11 --> Can't DROP 'cpf'; check that column/key exists
ERROR - 2022-05-02 15:55:15 --> Duplicate column name 'ativo'
CRITICAL - 2022-05-02 16:04:07 --> Invalid file: Testes/index.php
#0 /var/www/html/food/system/View/View.php(198): CodeIgniter\Exceptions\FrameworkException::forInvalidFile()
#1 /var/www/html/food/system/Common.php(1089): CodeIgniter\View\View->render()
#2 /var/www/html/food/app/Controllers/Testes.php(16): view()
#3 /var/www/html/food/system/CodeIgniter.php(832): App\Controllers\Testes->index()
#4 /var/www/html/food/system/CodeIgniter.php(419): CodeIgniter\CodeIgniter->runController()
#5 /var/www/html/food/system/CodeIgniter.php(326): CodeIgniter\CodeIgniter->handleRequest()
#6 /var/www/html/food/public/index.php(37): CodeIgniter\CodeIgniter->run()
#7 /var/www/html/food/system/Commands/Server/rewrite.php(43): require_once('/var/www/html/f...')
#8 {main}
ERROR - 2022-05-02 17:55:37 --> Error connecting to the database: Unknown database 'food'
CRITICAL - 2022-05-02 18:43:52 --> Class 'App\Model\UsuariosModel' not found
#0 /var/www/html/food/system/CodeIgniter.php(809): App\Controllers\Admin\Usuarios->__construct()
#1 /var/www/html/food/system/CodeIgniter.php(410): CodeIgniter\CodeIgniter->createController()
#2 /var/www/html/food/system/CodeIgniter.php(326): CodeIgniter\CodeIgniter->handleRequest()
#3 /var/www/html/food/public/index.php(37): CodeIgniter\CodeIgniter->run()
#4 /var/www/html/food/system/Commands/Server/rewrite.php(43): require_once('/var/www/html/f...')
#5 {main}
CRITICAL - 2022-05-02 18:44:57 --> Class 'App\Model\UsuarioModel' not found
#0 /var/www/html/food/system/CodeIgniter.php(809): App\Controllers\Admin\Usuarios->__construct()
#1 /var/www/html/food/system/CodeIgniter.php(410): CodeIgniter\CodeIgniter->createController()
#2 /var/www/html/food/system/CodeIgniter.php(326): CodeIgniter\CodeIgniter->handleRequest()
#3 /var/www/html/food/public/index.php(37): CodeIgniter\CodeIgniter->run()
#4 /var/www/html/food/system/Commands/Server/rewrite.php(43): require_once('/var/www/html/f...')
#5 {main}
CRITICAL - 2022-05-02 18:47:31 --> Class 'App\Controllers\Admin\App\Models\UsuarioModel' not found
#0 /var/www/html/food/system/CodeIgniter.php(809): App\Controllers\Admin\Usuarios->__construct()
#1 /var/www/html/food/system/CodeIgniter.php(410): CodeIgniter\CodeIgniter->createController()
#2 /var/www/html/food/system/CodeIgniter.php(326): CodeIgniter\CodeIgniter->handleRequest()
#3 /var/www/html/food/public/index.php(37): CodeIgniter\CodeIgniter->run()
#4 /var/www/html/food/system/Commands/Server/rewrite.php(43): require_once('/var/www/html/f...')
#5 {main}
CRITICAL - 2022-05-02 18:47:48 --> Class 'App\Controllers\Admin\App\Models\UsuarioModel' not found
#0 /var/www/html/food/system/CodeIgniter.php(809): App\Controllers\Admin\Usuarios->__construct()
#1 /var/www/html/food/system/CodeIgniter.php(410): CodeIgniter\CodeIgniter->createController()
#2 /var/www/html/food/system/CodeIgniter.php(326): CodeIgniter\CodeIgniter->handleRequest()
#3 /var/www/html/food/public/index.php(37): CodeIgniter\CodeIgniter->run()
#4 /var/www/html/food/system/Commands/Server/rewrite.php(43): require_once('/var/www/html/f...')
#5 {main}
ERROR - 2022-05-02 18:51:17 --> Unknown column 'usuarios.deleted_at' in 'where clause'
CRITICAL - 2022-05-02 18:51:17 --> Unknown column 'usuarios.deleted_at' in 'where clause'
#0 /var/www/html/food/system/Database/MySQLi/Connection.php(292): mysqli->query()
#1 /var/www/html/food/system/Database/BaseConnection.php(670): CodeIgniter\Database\MySQLi\Connection->execute()
#2 /var/www/html/food/system/Database/BaseConnection.php(598): CodeIgniter\Database\BaseConnection->simpleQuery()
#3 /var/www/html/food/system/Database/BaseBuilder.php(1455): CodeIgniter\Database\BaseConnection->query()
#4 /var/www/html/food/system/Model.php(183): CodeIgniter\Database\BaseBuilder->get()
#5 /var/www/html/food/system/BaseModel.php(584): CodeIgniter\Model->doFindAll()
#6 /var/www/html/food/app/Controllers/Admin/Usuarios.php(18): CodeIgniter\BaseModel->findAll()
#7 /var/www/html/food/system/CodeIgniter.php(832): App\Controllers\Admin\Usuarios->index()
#8 /var/www/html/food/system/CodeIgniter.php(419): CodeIgniter\CodeIgniter->runController()
#9 /var/www/html/food/system/CodeIgniter.php(326): CodeIgniter\CodeIgniter->handleRequest()
#10 /var/www/html/food/public/index.php(37): CodeIgniter\CodeIgniter->run()
#11 /var/www/html/food/system/Commands/Server/rewrite.php(43): require_once('/var/www/html/f...')
#12 {main}
