CRITICAL - 2022-05-03 00:13:26 --> Undefined property: stdClass::$nome
#0 /var/www/html/food/app/Controllers/Admin/Usuarios.php(39): CodeIgniter\Debug\Exceptions->errorHandler()
#1 /var/www/html/food/system/CodeIgniter.php(832): App\Controllers\Admin\Usuarios->procurar()
#2 /var/www/html/food/system/CodeIgniter.php(419): CodeIgniter\CodeIgniter->runController()
#3 /var/www/html/food/system/CodeIgniter.php(326): CodeIgniter\CodeIgniter->handleRequest()
#4 /var/www/html/food/public/index.php(37): CodeIgniter\CodeIgniter->run()
#5 /var/www/html/food/system/Commands/Server/rewrite.php(43): require_once('/var/www/html/f...')
#6 {main}
CRITICAL - 2022-05-03 00:13:26 --> Undefined property: stdClass::$nome
#0 /var/www/html/food/app/Controllers/Admin/Usuarios.php(39): CodeIgniter\Debug\Exceptions->errorHandler()
#1 /var/www/html/food/system/CodeIgniter.php(832): App\Controllers\Admin\Usuarios->procurar()
#2 /var/www/html/food/system/CodeIgniter.php(419): CodeIgniter\CodeIgniter->runController()
#3 /var/www/html/food/system/CodeIgniter.php(326): CodeIgniter\CodeIgniter->handleRequest()
#4 /var/www/html/food/public/index.php(37): CodeIgniter\CodeIgniter->run()
#5 /var/www/html/food/system/Commands/Server/rewrite.php(43): require_once('/var/www/html/f...')
#6 {main}
CRITICAL - 2022-05-03 00:13:28 --> Undefined property: stdClass::$nome
#0 /var/www/html/food/app/Controllers/Admin/Usuarios.php(39): CodeIgniter\Debug\Exceptions->errorHandler()
#1 /var/www/html/food/system/CodeIgniter.php(832): App\Controllers\Admin\Usuarios->procurar()
#2 /var/www/html/food/system/CodeIgniter.php(419): CodeIgniter\CodeIgniter->runController()
#3 /var/www/html/food/system/CodeIgniter.php(326): CodeIgniter\CodeIgniter->handleRequest()
#4 /var/www/html/food/public/index.php(37): CodeIgniter\CodeIgniter->run()
#5 /var/www/html/food/system/Commands/Server/rewrite.php(43): require_once('/var/www/html/f...')
#6 {main}
CRITICAL - 2022-05-03 00:15:05 --> Undefined property: stdClass::$nome
#0 /var/www/html/food/app/Controllers/Admin/Usuarios.php(39): CodeIgniter\Debug\Exceptions->errorHandler()
#1 /var/www/html/food/system/CodeIgniter.php(832): App\Controllers\Admin\Usuarios->procurar()
#2 /var/www/html/food/system/CodeIgniter.php(419): CodeIgniter\CodeIgniter->runController()
#3 /var/www/html/food/system/CodeIgniter.php(326): CodeIgniter\CodeIgniter->handleRequest()
#4 /var/www/html/food/public/index.php(37): CodeIgniter\CodeIgniter->run()
#5 /var/www/html/food/system/Commands/Server/rewrite.php(43): require_once('/var/www/html/f...')
#6 {main}
CRITICAL - 2022-05-03 00:15:06 --> Undefined property: stdClass::$nome
#0 /var/www/html/food/app/Controllers/Admin/Usuarios.php(39): CodeIgniter\Debug\Exceptions->errorHandler()
#1 /var/www/html/food/system/CodeIgniter.php(832): App\Controllers\Admin\Usuarios->procurar()
#2 /var/www/html/food/system/CodeIgniter.php(419): CodeIgniter\CodeIgniter->runController()
#3 /var/www/html/food/system/CodeIgniter.php(326): CodeIgniter\CodeIgniter->handleRequest()
#4 /var/www/html/food/public/index.php(37): CodeIgniter\CodeIgniter->run()
#5 /var/www/html/food/system/Commands/Server/rewrite.php(43): require_once('/var/www/html/f...')
#6 {main}
CRITICAL - 2022-05-03 00:17:31 --> Undefined property: stdClass::$nome
#0 /var/www/html/food/app/Controllers/Admin/Usuarios.php(39): CodeIgniter\Debug\Exceptions->errorHandler()
#1 /var/www/html/food/system/CodeIgniter.php(832): App\Controllers\Admin\Usuarios->procurar()
#2 /var/www/html/food/system/CodeIgniter.php(419): CodeIgniter\CodeIgniter->runController()
#3 /var/www/html/food/system/CodeIgniter.php(326): CodeIgniter\CodeIgniter->handleRequest()
#4 /var/www/html/food/public/index.php(37): CodeIgniter\CodeIgniter->run()
#5 /var/www/html/food/system/Commands/Server/rewrite.php(43): require_once('/var/www/html/f...')
#6 {main}
CRITICAL - 2022-05-03 00:20:58 --> Use of undefined constant data - assumed 'data' (this will throw an Error in a future version of PHP)
#0 /var/www/html/food/app/Controllers/Admin/Usuarios.php(41): CodeIgniter\Debug\Exceptions->errorHandler()
#1 /var/www/html/food/system/CodeIgniter.php(832): App\Controllers\Admin\Usuarios->procurar()
#2 /var/www/html/food/system/CodeIgniter.php(419): CodeIgniter\CodeIgniter->runController()
#3 /var/www/html/food/system/CodeIgniter.php(326): CodeIgniter\CodeIgniter->handleRequest()
#4 /var/www/html/food/public/index.php(37): CodeIgniter\CodeIgniter->run()
#5 /var/www/html/food/system/Commands/Server/rewrite.php(43): require_once('/var/www/html/f...')
#6 {main}
CRITICAL - 2022-05-03 00:23:50 --> Invalid argument supplied for foreach()
#0 /var/www/html/food/app/Controllers/Admin/Usuarios.php(37): CodeIgniter\Debug\Exceptions->errorHandler()
#1 /var/www/html/food/system/CodeIgniter.php(832): App\Controllers\Admin\Usuarios->procurar()
#2 /var/www/html/food/system/CodeIgniter.php(419): CodeIgniter\CodeIgniter->runController()
#3 /var/www/html/food/system/CodeIgniter.php(326): CodeIgniter\CodeIgniter->handleRequest()
#4 /var/www/html/food/public/index.php(37): CodeIgniter\CodeIgniter->run()
#5 /var/www/html/food/system/Commands/Server/rewrite.php(43): require_once('/var/www/html/f...')
#6 {main}
CRITICAL - 2022-05-03 00:24:10 --> Invalid argument supplied for foreach()
#0 /var/www/html/food/app/Controllers/Admin/Usuarios.php(37): CodeIgniter\Debug\Exceptions->errorHandler()
#1 /var/www/html/food/system/CodeIgniter.php(832): App\Controllers\Admin\Usuarios->procurar()
#2 /var/www/html/food/system/CodeIgniter.php(419): CodeIgniter\CodeIgniter->runController()
#3 /var/www/html/food/system/CodeIgniter.php(326): CodeIgniter\CodeIgniter->handleRequest()
#4 /var/www/html/food/public/index.php(37): CodeIgniter\CodeIgniter->run()
#5 /var/www/html/food/system/Commands/Server/rewrite.php(43): require_once('/var/www/html/f...')
#6 {main}
CRITICAL - 2022-05-03 00:24:12 --> Invalid argument supplied for foreach()
#0 /var/www/html/food/app/Controllers/Admin/Usuarios.php(37): CodeIgniter\Debug\Exceptions->errorHandler()
#1 /var/www/html/food/system/CodeIgniter.php(832): App\Controllers\Admin\Usuarios->procurar()
#2 /var/www/html/food/system/CodeIgniter.php(419): CodeIgniter\CodeIgniter->runController()
#3 /var/www/html/food/system/CodeIgniter.php(326): CodeIgniter\CodeIgniter->handleRequest()
#4 /var/www/html/food/public/index.php(37): CodeIgniter\CodeIgniter->run()
#5 /var/www/html/food/system/Commands/Server/rewrite.php(43): require_once('/var/www/html/f...')
#6 {main}
CRITICAL - 2022-05-03 00:24:12 --> Invalid argument supplied for foreach()
#0 /var/www/html/food/app/Controllers/Admin/Usuarios.php(37): CodeIgniter\Debug\Exceptions->errorHandler()
#1 /var/www/html/food/system/CodeIgniter.php(832): App\Controllers\Admin\Usuarios->procurar()
#2 /var/www/html/food/system/CodeIgniter.php(419): CodeIgniter\CodeIgniter->runController()
#3 /var/www/html/food/system/CodeIgniter.php(326): CodeIgniter\CodeIgniter->handleRequest()
#4 /var/www/html/food/public/index.php(37): CodeIgniter\CodeIgniter->run()
#5 /var/www/html/food/system/Commands/Server/rewrite.php(43): require_once('/var/www/html/f...')
#6 {main}
CRITICAL - 2022-05-03 00:24:25 --> Invalid argument supplied for foreach()
#0 /var/www/html/food/app/Controllers/Admin/Usuarios.php(37): CodeIgniter\Debug\Exceptions->errorHandler()
#1 /var/www/html/food/system/CodeIgniter.php(832): App\Controllers\Admin\Usuarios->procurar()
#2 /var/www/html/food/system/CodeIgniter.php(419): CodeIgniter\CodeIgniter->runController()
#3 /var/www/html/food/system/CodeIgniter.php(326): CodeIgniter\CodeIgniter->handleRequest()
#4 /var/www/html/food/public/index.php(37): CodeIgniter\CodeIgniter->run()
#5 /var/www/html/food/system/Commands/Server/rewrite.php(43): require_once('/var/www/html/f...')
#6 {main}
CRITICAL - 2022-05-03 00:24:27 --> Invalid argument supplied for foreach()
#0 /var/www/html/food/app/Controllers/Admin/Usuarios.php(37): CodeIgniter\Debug\Exceptions->errorHandler()
#1 /var/www/html/food/system/CodeIgniter.php(832): App\Controllers\Admin\Usuarios->procurar()
#2 /var/www/html/food/system/CodeIgniter.php(419): CodeIgniter\CodeIgniter->runController()
#3 /var/www/html/food/system/CodeIgniter.php(326): CodeIgniter\CodeIgniter->handleRequest()
#4 /var/www/html/food/public/index.php(37): CodeIgniter\CodeIgniter->run()
#5 /var/www/html/food/system/Commands/Server/rewrite.php(43): require_once('/var/www/html/f...')
#6 {main}
CRITICAL - 2022-05-03 00:24:28 --> Invalid argument supplied for foreach()
#0 /var/www/html/food/app/Controllers/Admin/Usuarios.php(37): CodeIgniter\Debug\Exceptions->errorHandler()
#1 /var/www/html/food/system/CodeIgniter.php(832): App\Controllers\Admin\Usuarios->procurar()
#2 /var/www/html/food/system/CodeIgniter.php(419): CodeIgniter\CodeIgniter->runController()
#3 /var/www/html/food/system/CodeIgniter.php(326): CodeIgniter\CodeIgniter->handleRequest()
#4 /var/www/html/food/public/index.php(37): CodeIgniter\CodeIgniter->run()
#5 /var/www/html/food/system/Commands/Server/rewrite.php(43): require_once('/var/www/html/f...')
#6 {main}
CRITICAL - 2022-05-03 00:26:34 --> Invalid argument supplied for foreach()
#0 /var/www/html/food/app/Controllers/Admin/Usuarios.php(37): CodeIgniter\Debug\Exceptions->errorHandler()
#1 /var/www/html/food/system/CodeIgniter.php(832): App\Controllers\Admin\Usuarios->procurar()
#2 /var/www/html/food/system/CodeIgniter.php(419): CodeIgniter\CodeIgniter->runController()
#3 /var/www/html/food/system/CodeIgniter.php(326): CodeIgniter\CodeIgniter->handleRequest()
#4 /var/www/html/food/public/index.php(37): CodeIgniter\CodeIgniter->run()
#5 /var/www/html/food/system/Commands/Server/rewrite.php(43): require_once('/var/www/html/f...')
#6 {main}
CRITICAL - 2022-05-03 00:26:44 --> Invalid argument supplied for foreach()
#0 /var/www/html/food/app/Controllers/Admin/Usuarios.php(37): CodeIgniter\Debug\Exceptions->errorHandler()
#1 /var/www/html/food/system/CodeIgniter.php(832): App\Controllers\Admin\Usuarios->procurar()
#2 /var/www/html/food/system/CodeIgniter.php(419): CodeIgniter\CodeIgniter->runController()
#3 /var/www/html/food/system/CodeIgniter.php(326): CodeIgniter\CodeIgniter->handleRequest()
#4 /var/www/html/food/public/index.php(37): CodeIgniter\CodeIgniter->run()
#5 /var/www/html/food/system/Commands/Server/rewrite.php(43): require_once('/var/www/html/f...')
#6 {main}
CRITICAL - 2022-05-03 00:26:44 --> Invalid argument supplied for foreach()
#0 /var/www/html/food/app/Controllers/Admin/Usuarios.php(37): CodeIgniter\Debug\Exceptions->errorHandler()
#1 /var/www/html/food/system/CodeIgniter.php(832): App\Controllers\Admin\Usuarios->procurar()
#2 /var/www/html/food/system/CodeIgniter.php(419): CodeIgniter\CodeIgniter->runController()
#3 /var/www/html/food/system/CodeIgniter.php(326): CodeIgniter\CodeIgniter->handleRequest()
#4 /var/www/html/food/public/index.php(37): CodeIgniter\CodeIgniter->run()
#5 /var/www/html/food/system/Commands/Server/rewrite.php(43): require_once('/var/www/html/f...')
#6 {main}
CRITICAL - 2022-05-03 00:27:37 --> Invalid argument supplied for foreach()
#0 /var/www/html/food/app/Controllers/Admin/Usuarios.php(37): CodeIgniter\Debug\Exceptions->errorHandler()
#1 /var/www/html/food/system/CodeIgniter.php(832): App\Controllers\Admin\Usuarios->procurar()
#2 /var/www/html/food/system/CodeIgniter.php(419): CodeIgniter\CodeIgniter->runController()
#3 /var/www/html/food/system/CodeIgniter.php(326): CodeIgniter\CodeIgniter->handleRequest()
#4 /var/www/html/food/public/index.php(37): CodeIgniter\CodeIgniter->run()
#5 /var/www/html/food/system/Commands/Server/rewrite.php(43): require_once('/var/www/html/f...')
#6 {main}
CRITICAL - 2022-05-03 00:27:53 --> Invalid argument supplied for foreach()
#0 /var/www/html/food/app/Controllers/Admin/Usuarios.php(37): CodeIgniter\Debug\Exceptions->errorHandler()
#1 /var/www/html/food/system/CodeIgniter.php(832): App\Controllers\Admin\Usuarios->procurar()
#2 /var/www/html/food/system/CodeIgniter.php(419): CodeIgniter\CodeIgniter->runController()
#3 /var/www/html/food/system/CodeIgniter.php(326): CodeIgniter\CodeIgniter->handleRequest()
#4 /var/www/html/food/public/index.php(37): CodeIgniter\CodeIgniter->run()
#5 /var/www/html/food/system/Commands/Server/rewrite.php(43): require_once('/var/www/html/f...')
#6 {main}
CRITICAL - 2022-05-03 00:31:55 --> Invalid argument supplied for foreach()
#0 /var/www/html/food/app/Controllers/Admin/Usuarios.php(37): CodeIgniter\Debug\Exceptions->errorHandler()
#1 /var/www/html/food/system/CodeIgniter.php(832): App\Controllers\Admin\Usuarios->procurar()
#2 /var/www/html/food/system/CodeIgniter.php(419): CodeIgniter\CodeIgniter->runController()
#3 /var/www/html/food/system/CodeIgniter.php(326): CodeIgniter\CodeIgniter->handleRequest()
#4 /var/www/html/food/public/index.php(37): CodeIgniter\CodeIgniter->run()
#5 /var/www/html/food/system/Commands/Server/rewrite.php(43): require_once('/var/www/html/f...')
#6 {main}
CRITICAL - 2022-05-03 00:31:58 --> Invalid argument supplied for foreach()
#0 /var/www/html/food/app/Controllers/Admin/Usuarios.php(37): CodeIgniter\Debug\Exceptions->errorHandler()
#1 /var/www/html/food/system/CodeIgniter.php(832): App\Controllers\Admin\Usuarios->procurar()
#2 /var/www/html/food/system/CodeIgniter.php(419): CodeIgniter\CodeIgniter->runController()
#3 /var/www/html/food/system/CodeIgniter.php(326): CodeIgniter\CodeIgniter->handleRequest()
#4 /var/www/html/food/public/index.php(37): CodeIgniter\CodeIgniter->run()
#5 /var/www/html/food/system/Commands/Server/rewrite.php(43): require_once('/var/www/html/f...')
#6 {main}
CRITICAL - 2022-05-03 00:33:39 --> Invalid argument supplied for foreach()
#0 /var/www/html/food/app/Controllers/Admin/Usuarios.php(37): CodeIgniter\Debug\Exceptions->errorHandler()
#1 /var/www/html/food/system/CodeIgniter.php(832): App\Controllers\Admin\Usuarios->procurar()
#2 /var/www/html/food/system/CodeIgniter.php(419): CodeIgniter\CodeIgniter->runController()
#3 /var/www/html/food/system/CodeIgniter.php(326): CodeIgniter\CodeIgniter->handleRequest()
#4 /var/www/html/food/public/index.php(37): CodeIgniter\CodeIgniter->run()
#5 /var/www/html/food/system/Commands/Server/rewrite.php(43): require_once('/var/www/html/f...')
#6 {main}
CRITICAL - 2022-05-03 00:34:28 --> Invalid argument supplied for foreach()
#0 /var/www/html/food/app/Controllers/Admin/Usuarios.php(37): CodeIgniter\Debug\Exceptions->errorHandler()
#1 /var/www/html/food/system/CodeIgniter.php(832): App\Controllers\Admin\Usuarios->procurar()
#2 /var/www/html/food/system/CodeIgniter.php(419): CodeIgniter\CodeIgniter->runController()
#3 /var/www/html/food/system/CodeIgniter.php(326): CodeIgniter\CodeIgniter->handleRequest()
#4 /var/www/html/food/public/index.php(37): CodeIgniter\CodeIgniter->run()
#5 /var/www/html/food/system/Commands/Server/rewrite.php(43): require_once('/var/www/html/f...')
#6 {main}
CRITICAL - 2022-05-03 00:36:47 --> Undefined property: stdClass::$nome
#0 /var/www/html/food/app/Controllers/Admin/Usuarios.php(39): CodeIgniter\Debug\Exceptions->errorHandler()
#1 /var/www/html/food/system/CodeIgniter.php(832): App\Controllers\Admin\Usuarios->procurar()
#2 /var/www/html/food/system/CodeIgniter.php(419): CodeIgniter\CodeIgniter->runController()
#3 /var/www/html/food/system/CodeIgniter.php(326): CodeIgniter\CodeIgniter->handleRequest()
#4 /var/www/html/food/public/index.php(37): CodeIgniter\CodeIgniter->run()
#5 /var/www/html/food/system/Commands/Server/rewrite.php(43): require_once('/var/www/html/f...')
#6 {main}
CRITICAL - 2022-05-03 00:38:10 --> Undefined property: stdClass::$nome
#0 /var/www/html/food/app/Controllers/Admin/Usuarios.php(39): CodeIgniter\Debug\Exceptions->errorHandler()
#1 /var/www/html/food/system/CodeIgniter.php(832): App\Controllers\Admin\Usuarios->procurar()
#2 /var/www/html/food/system/CodeIgniter.php(419): CodeIgniter\CodeIgniter->runController()
#3 /var/www/html/food/system/CodeIgniter.php(326): CodeIgniter\CodeIgniter->handleRequest()
#4 /var/www/html/food/public/index.php(37): CodeIgniter\CodeIgniter->run()
#5 /var/www/html/food/system/Commands/Server/rewrite.php(43): require_once('/var/www/html/f...')
#6 {main}
CRITICAL - 2022-05-03 00:39:56 --> Use of undefined constant data - assumed 'data' (this will throw an Error in a future version of PHP)
#0 /var/www/html/food/app/Controllers/Admin/Usuarios.php(41): CodeIgniter\Debug\Exceptions->errorHandler()
#1 /var/www/html/food/system/CodeIgniter.php(832): App\Controllers\Admin\Usuarios->procurar()
#2 /var/www/html/food/system/CodeIgniter.php(419): CodeIgniter\CodeIgniter->runController()
#3 /var/www/html/food/system/CodeIgniter.php(326): CodeIgniter\CodeIgniter->handleRequest()
#4 /var/www/html/food/public/index.php(37): CodeIgniter\CodeIgniter->run()
#5 /var/www/html/food/system/Commands/Server/rewrite.php(43): require_once('/var/www/html/f...')
#6 {main}
CRITICAL - 2022-05-03 00:39:58 --> Use of undefined constant data - assumed 'data' (this will throw an Error in a future version of PHP)
#0 /var/www/html/food/app/Controllers/Admin/Usuarios.php(41): CodeIgniter\Debug\Exceptions->errorHandler()
#1 /var/www/html/food/system/CodeIgniter.php(832): App\Controllers\Admin\Usuarios->procurar()
#2 /var/www/html/food/system/CodeIgniter.php(419): CodeIgniter\CodeIgniter->runController()
#3 /var/www/html/food/system/CodeIgniter.php(326): CodeIgniter\CodeIgniter->handleRequest()
#4 /var/www/html/food/public/index.php(37): CodeIgniter\CodeIgniter->run()
#5 /var/www/html/food/system/Commands/Server/rewrite.php(43): require_once('/var/www/html/f...')
#6 {main}
CRITICAL - 2022-05-03 00:40:00 --> Use of undefined constant data - assumed 'data' (this will throw an Error in a future version of PHP)
#0 /var/www/html/food/app/Controllers/Admin/Usuarios.php(41): CodeIgniter\Debug\Exceptions->errorHandler()
#1 /var/www/html/food/system/CodeIgniter.php(832): App\Controllers\Admin\Usuarios->procurar()
#2 /var/www/html/food/system/CodeIgniter.php(419): CodeIgniter\CodeIgniter->runController()
#3 /var/www/html/food/system/CodeIgniter.php(326): CodeIgniter\CodeIgniter->handleRequest()
#4 /var/www/html/food/public/index.php(37): CodeIgniter\CodeIgniter->run()
#5 /var/www/html/food/system/Commands/Server/rewrite.php(43): require_once('/var/www/html/f...')
#6 {main}
