CRITICAL - 2022-05-05 00:00:34 --> Class 'App\MinhasValidacoes' not found
#0 /var/www/html/food/system/Validation/Validation.php(115): CodeIgniter\Validation\Validation->loadRuleSets()
#1 /var/www/html/food/system/BaseModel.php(1347): CodeIgniter\Validation\Validation->run()
#2 /var/www/html/food/system/BaseModel.php(835): CodeIgniter\BaseModel->validate()
#3 /var/www/html/food/system/Model.php(651): CodeIgniter\BaseModel->update()
#4 /var/www/html/food/system/BaseModel.php(656): CodeIgniter\Model->update()
#5 /var/www/html/food/app/Controllers/Admin/Usuarios.php(130): CodeIgniter\BaseModel->save()
#6 /var/www/html/food/system/CodeIgniter.php(832): App\Controllers\Admin\Usuarios->atualizar()
#7 /var/www/html/food/system/CodeIgniter.php(419): CodeIgniter\CodeIgniter->runController()
#8 /var/www/html/food/system/CodeIgniter.php(326): CodeIgniter\CodeIgniter->handleRequest()
#9 /var/www/html/food/public/index.php(37): CodeIgniter\CodeIgniter->run()
#10 /var/www/html/food/system/Commands/Server/rewrite.php(43): require_once('/var/www/html/f...')
#11 {main}
CRITICAL - 2022-05-05 00:00:38 --> Class 'App\MinhasValidacoes' not found
#0 /var/www/html/food/system/Validation/Validation.php(115): CodeIgniter\Validation\Validation->loadRuleSets()
#1 /var/www/html/food/system/BaseModel.php(1347): CodeIgniter\Validation\Validation->run()
#2 /var/www/html/food/system/BaseModel.php(835): CodeIgniter\BaseModel->validate()
#3 /var/www/html/food/system/Model.php(651): CodeIgniter\BaseModel->update()
#4 /var/www/html/food/system/BaseModel.php(656): CodeIgniter\Model->update()
#5 /var/www/html/food/app/Controllers/Admin/Usuarios.php(130): CodeIgniter\BaseModel->save()
#6 /var/www/html/food/system/CodeIgniter.php(832): App\Controllers\Admin\Usuarios->atualizar()
#7 /var/www/html/food/system/CodeIgniter.php(419): CodeIgniter\CodeIgniter->runController()
#8 /var/www/html/food/system/CodeIgniter.php(326): CodeIgniter\CodeIgniter->handleRequest()
#9 /var/www/html/food/public/index.php(37): CodeIgniter\CodeIgniter->run()
#10 /var/www/html/food/system/Commands/Server/rewrite.php(43): require_once('/var/www/html/f...')
#11 {main}
CRITICAL - 2022-05-05 00:20:09 --> Undefined variable: usuario
#0 /var/www/html/food/app/Controllers/Admin/Usuarios.php(144): CodeIgniter\Debug\Exceptions->errorHandler()
#1 /var/www/html/food/system/CodeIgniter.php(832): App\Controllers\Admin\Usuarios->excluir()
#2 /var/www/html/food/system/CodeIgniter.php(419): CodeIgniter\CodeIgniter->runController()
#3 /var/www/html/food/system/CodeIgniter.php(326): CodeIgniter\CodeIgniter->handleRequest()
#4 /var/www/html/food/public/index.php(37): CodeIgniter\CodeIgniter->run()
#5 /var/www/html/food/system/Commands/Server/rewrite.php(43): require_once('/var/www/html/f...')
#6 {main}
